<?xml version="1.0" encoding="utf-8"?><testsuites><testsuite name="pytest" errors="0" failures="0" skipped="0" tests="4" time="15.497" timestamp="2026-03-30T21:12:15.735048+01:00" hostname="abdus-MacBook-Pro.local"><testcase classname="app.tests.test_api" name="test_health" time="0.007" /><testcase classname="app.tests.test_api" name="test_ask_endpoint" time="0.029" /><testcase classname="app.tests.test_rag_pipeline" name="test_rag_pipeline_retrieves_docs" time="2.199" /><testcase classname="app.tests.test_rag_pipeline" name="test_retrieval_top_k_override" time="1.950" /></testsuite></testsuites>